{
  "stats": {
    "suites": 20,
    "tests": 41,
    "passes": 41,
    "pending": 0,
    "failures": 0,
    "start": "2015-09-25T07:39:52.875Z",
    "end": "2015-09-25T07:39:55.973Z"
  },
  "coverage": {
    "total": {
      "statementsTotal": 294,
      "statementsCovered": 204,
      "percentage": 69.39
    },
    "files": [
      {
        "name": "ember-power-select/utils/group-utils",
        "statementsTotal": 80,
        "statementsCovered": 70,
        "percentage": 87.5
      },
      {
        "name": "ember-power-select/components/ember-power-select",
        "statementsTotal": 187,
        "statementsCovered": 109,
        "percentage": 58.29
      },
      {
        "name": "dummy/components/ember-power-select/options",
        "statementsTotal": 3,
        "statementsCovered": 3,
        "percentage": 100
      },
      {
        "name": "ember-power-select/components/ember-power-select/options",
        "statementsTotal": 3,
        "statementsCovered": 3,
        "percentage": 100
      },
      {
        "name": "ember-power-select/helpers/ember-power-select-option-classes",
        "statementsTotal": 21,
        "statementsCovered": 19,
        "percentage": 90.48
      }
    ]
  }
}