{
  "stats": {
    "suites": 18,
    "tests": 40,
    "passes": 39,
    "pending": 0,
    "failures": 1,
    "start": "2015-09-25T00:43:18.702Z",
    "end": "2015-09-25T00:43:21.714Z"
  },
  "coverage": {
    "total": {
      "statementsTotal": 294,
      "statementsCovered": 205,
      "percentage": 69.73
    },
    "files": [
      {
        "name": "ember-power-select/utils/group-utils",
        "statementsTotal": 80,
        "statementsCovered": 70,
        "percentage": 87.5
      },
      {
        "name": "ember-power-select/components/ember-power-select",
        "statementsTotal": 187,
        "statementsCovered": 110,
        "percentage": 58.82
      },
      {
        "name": "dummy/components/ember-power-select/options",
        "statementsTotal": 3,
        "statementsCovered": 3,
        "percentage": 100
      },
      {
        "name": "ember-power-select/components/ember-power-select/options",
        "statementsTotal": 3,
        "statementsCovered": 3,
        "percentage": 100
      },
      {
        "name": "ember-power-select/helpers/ember-power-select-option-classes",
        "statementsTotal": 21,
        "statementsCovered": 19,
        "percentage": 90.48
      }
    ]
  }
}